#
# There is insufficient memory for the Java Runtime Environment to continue.
# Native memory allocation (mmap) failed to map 266338304 bytes. Error detail: G1 virtual space
# Possible reasons:
#   The system is out of physical RAM or swap space
#   This process is running with CompressedOops enabled, and the Java Heap may be blocking the growth of the native heap
# Possible solutions:
#   Reduce memory load on the system
#   Increase physical memory or swap space
#   Check if swap backing store is full
#   Decrease Java heap size (-Xmx/-Xms)
#   Decrease number of Java threads
#   Decrease Java thread stack sizes (-Xss)
#   Set larger code cache with -XX:ReservedCodeCacheSize=
#   JVM is running with Zero Based Compressed Oops mode in which the Java heap is
#     placed in the first 32GB address space. The Java Heap base address is the
#     maximum limit for the native heap growth. Please use -XX:HeapBaseMinAddress
#     to set the Java Heap base and to place the Java Heap above 32GB virtual address.
# This output file may be truncated or incomplete.
#
#  Out of Memory Error (os_windows.cpp:3564), pid=16120, tid=18400
#
# JRE version:  (24.0.2+12) (build )
# Java VM: OpenJDK 64-Bit Server VM (24.0.2+12, mixed mode, sharing, tiered, compressed oops, compressed class ptrs, g1 gc, windows-amd64)
# No core dump will be written. Minidumps are not enabled by default on client versions of Windows
#

---------------  S U M M A R Y ------------

Command Line: -Dfile.encoding=UTF-8 --module-path=C:\Users\Feby Adel\OneDrive\Documents\NetBeansProjects\library\build\classes login

Host: Intel(R) Core(TM) i7-10510U CPU @ 1.80GHz, 8 cores, 15G,  Windows 11 , 64 bit Build 26100 (10.0.26100.5074)
Time: Wed Dec 10 22:11:12 2025 Egypt Standard Time elapsed time: 0.094090 seconds (0d 0h 0m 0s)

---------------  T H R E A D  ---------------

Current thread (0x0000026db9ad4970):  JavaThread "Unknown thread" [_thread_in_vm, id=18400, stack(0x000000b9a1800000,0x000000b9a1900000) (1024K)]

Stack: [0x000000b9a1800000,0x000000b9a1900000]
Native frames: (J=compiled Java code, j=interpreted, Vv=VM code, C=native code)
V  [jvm.dll+0x741329]  (no source info available)
V  [jvm.dll+0x97e243]  (no source info available)
V  [jvm.dll+0x98056d]  (no source info available)
V  [jvm.dll+0x980be3]  (no source info available)
V  [jvm.dll+0x2b5a76]  (no source info available)
V  [jvm.dll+0x73d795]  (no source info available)
V  [jvm.dll+0x730f4a]  (no source info available)
V  [jvm.dll+0x39ea2a]  (no source info available)
V  [jvm.dll+0x3a67a6]  (no source info available)
V  [jvm.dll+0x392fbe]  (no source info available)
V  [jvm.dll+0x393278]  (no source info available)
V  [jvm.dll+0x36a09c]  (no source info available)
V  [jvm.dll+0x36ad5d]  (no source info available)
V  [jvm.dll+0x9409ef]  (no source info available)
V  [jvm.dll+0x40786d]  (no source info available)
V  [jvm.dll+0x928e6e]  (no source info available)
V  [jvm.dll+0x4a2d0e]  (no source info available)
V  [jvm.dll+0x4a4c41]  (no source info available)
C  [jli.dll+0x52a1]  (no source info available)
C  [ucrtbase.dll+0x37b0]  (no source info available)
C  [KERNEL32.DLL+0x2e8d7]  (no source info available)
C  [ntdll.dll+0x8d9c]  (no source info available)

Lock stack of current Java thread (top to bottom):


---------------  P R O C E S S  ---------------

Threads class SMR info:
_java_thread_list=0x00007ffa7925bf58, length=0, elements={
}

Java Threads: ( => current thread )
Total: 0

Other Threads:
  0x0000026dbbe36a60 WorkerThread "GC Thread#0"                     [id=14572, stack(0x000000b9a1900000,0x000000b9a1a00000) (1024K)]
  0x0000026dbbe4bb00 ConcurrentGCThread "G1 Main Marker"            [id=20232, stack(0x000000b9a1a00000,0x000000b9a1b00000) (1024K)]
  0x0000026dbbe4c610 WorkerThread "G1 Conc#0"                       [id=18780, stack(0x000000b9a1b00000,0x000000b9a1c00000) (1024K)]

[error occurred during error reporting (printing all threads), id 0xc0000005, EXCEPTION_ACCESS_VIOLATION (0xc0000005) at pc=0x00007ffa788cef9a]
VM state: not at safepoint (not fully initialized)

VM Mutex/Monitor currently owned by a thread:  ([mutex/lock_event])
[0x00007ffa792e5148] Heap_lock - owner thread: 0x0000026db9ad4970

Heap address: 0x0000000703000000, size: 4048 MB, Compressed Oops mode: Zero based, Oop shift amount: 3

CDS archive(s) mapped at: [0x0000000000000000-0x0000000000000000-0x0000000000000000), size 0, SharedBaseAddress: 0x0000000800000000, ArchiveRelocationMode: 1.
UseCompressedClassPointers 1, UseCompactObjectHeaders 0
Narrow klass pointer bits 32, Max shift 3
Narrow klass base: 0xffffffffffffffff, Narrow klass shift: -1
Encoding Range: [0xffffffffffffffff - 0x000000007fffffff), (2147483648 bytes)
Klass Range:    [0x0000000000000000 - 0x0000000000000000), (0 bytes)
Klass ID Range:  [4294967295 - 0) (1)

GC Precious Log:
 CardTable entry size: 512
 Card Set container configuration: InlinePtr #cards 4 size 8 Array Of Cards #cards 16 size 48 Howl #buckets 8 coarsen threshold 3686 Howl Bitmap #cards 512 size 80 coarsen threshold 460 Card regions per heap region 1 cards per card region 4096

Heap:
 garbage-first heap   total reserved 4145152K, committed 0K, used 0K [0x0000000703000000, 0x0000000800000000)
  region size 2048K, 0 young (0K), 0 survivors (0K)

[error occurred during error reporting (printing heap information), id 0xc0000005, EXCEPTION_ACCESS_VIOLATION (0xc0000005) at pc=0x00007ffa78cefcd9]
GC Heap History (0 events):
No events

Dll operation events (1 events):
Event: 0.007 Loaded shared library C:\Program Files\Apache NetBeans\jdk\bin\java.dll

Deoptimization events (0 events):
No events

Classes loaded (0 events):
No events

Classes unloaded (0 events):
No events

Classes redefined (0 events):
No events

Internal exceptions (0 events):
No events

VM Operations (0 events):
No events

Memory protections (0 events):
No events

Nmethod flushes (0 events):
No events

Events (0 events):
No events


Dynamic libraries:
0x00007ff7b1f10000 - 0x00007ff7b1f1e000 	C:\Program Files\Apache NetBeans\jdk\bin\java.exe
0x00007ffac07e0000 - 0x00007ffac0a49000 	C:\WINDOWS\SYSTEM32\ntdll.dll
0x00007ffabf060000 - 0x00007ffabf129000 	C:\WINDOWS\System32\KERNEL32.DLL
0x00007ffabdfa0000 - 0x00007ffabe393000 	C:\WINDOWS\System32\KERNELBASE.dll
0x00007ffabdc40000 - 0x00007ffabdd8b000 	C:\WINDOWS\System32\ucrtbase.dll
0x00007ffa96980000 - 0x00007ffa96996000 	C:\Program Files\Apache NetBeans\jdk\bin\jli.dll
0x00007ffaabc70000 - 0x00007ffaabc8e000 	C:\Program Files\Apache NetBeans\jdk\bin\VCRUNTIME140.dll
0x00007ffac0100000 - 0x00007ffac02c4000 	C:\WINDOWS\System32\USER32.dll
0x00007ffaa0a80000 - 0x00007ffaa0d13000 	C:\WINDOWS\WinSxS\amd64_microsoft.windows.common-controls_6595b64144ccf1df_6.0.26100.5074_none_3e0d6f78e32fd63f\COMCTL32.dll
0x00007ffabd970000 - 0x00007ffabd997000 	C:\WINDOWS\System32\win32u.dll
0x00007ffabf130000 - 0x00007ffabf1d9000 	C:\WINDOWS\System32\msvcrt.dll
0x00007ffabeed0000 - 0x00007ffabeefb000 	C:\WINDOWS\System32\GDI32.dll
0x00007ffabd9a0000 - 0x00007ffabdacd000 	C:\WINDOWS\System32\gdi32full.dll
0x00007ffabdef0000 - 0x00007ffabdf93000 	C:\WINDOWS\System32\msvcp_win.dll
0x00007ffabee20000 - 0x00007ffabee4f000 	C:\WINDOWS\System32\IMM32.DLL
0x00007ffaabb40000 - 0x00007ffaabb4c000 	C:\Program Files\Apache NetBeans\jdk\bin\vcruntime140_1.dll
0x00007ffa94490000 - 0x00007ffa9451d000 	C:\Program Files\Apache NetBeans\jdk\bin\msvcp140.dll
0x00007ffa78550000 - 0x00007ffa793cc000 	C:\Program Files\Apache NetBeans\jdk\bin\server\jvm.dll
0x00007ffabeb20000 - 0x00007ffabebd4000 	C:\WINDOWS\System32\ADVAPI32.dll
0x00007ffac05d0000 - 0x00007ffac0676000 	C:\WINDOWS\System32\sechost.dll
0x00007ffabed00000 - 0x00007ffabee18000 	C:\WINDOWS\System32\RPCRT4.dll
0x00007ffabefe0000 - 0x00007ffabf054000 	C:\WINDOWS\System32\WS2_32.dll
0x00007ffabd7d0000 - 0x00007ffabd82e000 	C:\WINDOWS\SYSTEM32\POWRPROF.dll
0x00007ffaaf4b0000 - 0x00007ffaaf4bb000 	C:\WINDOWS\SYSTEM32\VERSION.dll
0x00007ffaa9f70000 - 0x00007ffaa9fa5000 	C:\WINDOWS\SYSTEM32\WINMM.dll
0x00007ffabd620000 - 0x00007ffabd634000 	C:\WINDOWS\SYSTEM32\UMPDC.dll
0x00007ffabc750000 - 0x00007ffabc76b000 	C:\WINDOWS\SYSTEM32\kernel.appcore.dll
0x00007ffaa44d0000 - 0x00007ffaa44da000 	C:\Program Files\Apache NetBeans\jdk\bin\jimage.dll
0x00007ffabb2d0000 - 0x00007ffabb512000 	C:\WINDOWS\SYSTEM32\DBGHELP.DLL
0x00007ffabfd80000 - 0x00007ffac00fb000 	C:\WINDOWS\System32\combase.dll
0x00007ffabef00000 - 0x00007ffabefd7000 	C:\WINDOWS\System32\OLEAUT32.dll
0x00007ffaac880000 - 0x00007ffaac8bd000 	C:\WINDOWS\SYSTEM32\dbgcore.DLL
0x00007ffabde50000 - 0x00007ffabdee9000 	C:\WINDOWS\System32\bcryptPrimitives.dll
0x00007ffa9bb80000 - 0x00007ffa9bb9e000 	C:\Program Files\Apache NetBeans\jdk\bin\java.dll
0x00007ffabfbd0000 - 0x00007ffabfd68000 	C:\WINDOWS\System32\ole32.dll
0x00007ffabf1e0000 - 0x00007ffabf92d000 	C:\WINDOWS\System32\SHELL32.dll
0x00007ffabdad0000 - 0x00007ffabdc3c000 	C:\WINDOWS\System32\wintypes.dll

JVMTI agents: none

dbghelp: loaded successfully - version: 4.0.5 - missing functions: none
symbol engine: initialized successfully - sym options: 0x614 - pdb path: .;C:\Program Files\Apache NetBeans\jdk\bin;C:\WINDOWS\SYSTEM32;C:\WINDOWS\WinSxS\amd64_microsoft.windows.common-controls_6595b64144ccf1df_6.0.26100.5074_none_3e0d6f78e32fd63f;C:\Program Files\Apache NetBeans\jdk\bin\server

VM Arguments:
jvm_args: -Dfile.encoding=UTF-8 --module-path=C:\Users\Feby Adel\OneDrive\Documents\NetBeansProjects\library\build\classes 
java_command: login
java_class_path (initial): C:\Program Files\Apache NetBeans\java\modules\ext\AbsoluteLayout.jar;C:\connector\mysql-connector-j-9.4.0;C:\connector;C:\connector\mysql-connector-j-9.4.0\mysql-connector-j-9.4.0.jar;C:\Calender\jcalendar-1.3.2 (1).jar;C:\Users\Feby Adel\OneDrive\Documents\NetBeansProjects\library\build\classes
Launcher Type: SUN_STANDARD

[Global flags]
     intx CICompilerCount                          = 4                                         {product} {ergonomic}
     uint ConcGCThreads                            = 2                                         {product} {ergonomic}
     uint G1ConcRefinementThreads                  = 8                                         {product} {ergonomic}
   size_t G1HeapRegionSize                         = 2097152                                   {product} {ergonomic}
   size_t InitialHeapSize                          = 266338304                                 {product} {ergonomic}
   size_t MarkStackSize                            = 4194304                                   {product} {ergonomic}
   size_t MarkStackSizeMax                         = 536870912                                 {product} {ergonomic}
   size_t MaxHeapSize                              = 4244635648                                {product} {ergonomic}
   size_t MinHeapDeltaBytes                        = 2097152                                   {product} {ergonomic}
   size_t MinHeapSize                              = 8388608                                   {product} {ergonomic}
    uintx NonNMethodCodeHeapSize                   = 5832704                                {pd product} {ergonomic}
    uintx NonProfiledCodeHeapSize                  = 122945536                              {pd product} {ergonomic}
    uintx ProfiledCodeHeapSize                     = 122880000                              {pd product} {ergonomic}
    uintx ReservedCodeCacheSize                    = 251658240                              {pd product} {ergonomic}
     bool SegmentedCodeCache                       = true                                      {product} {ergonomic}
   size_t SoftMaxHeapSize                          = 4244635648                             {manageable} {ergonomic}
     bool UseCompressedOops                        = true                           {product lp64_product} {ergonomic}
     bool UseG1GC                                  = true                                      {product} {ergonomic}
     bool UseLargePagesIndividualAllocation        = false                                  {pd product} {ergonomic}

Logging:
Log output configuration:
 #0: stdout all=warning uptime,level,tags foldmultilines=false
 #1: stderr all=off uptime,level,tags foldmultilines=false

Environment Variables:
PATH=C:\WINDOWS\system32;C:\WINDOWS;C:\WINDOWS\System32\Wbem;C:\WINDOWS\System32\WindowsPowerShell\v1.0\;C:\WINDOWS\System32\OpenSSH\;C:\Program Files\MATLAB\R2017b\bin;C:\Program Files\dotnet\;C:\Program Files\MATLAB\R2024a\runtime\win64;C:\Program Files\MATLAB\R2024a\bin;C:\Program Files (x86)\Microsoft SQL Server\80\Tools\Binn\;C:\Program Files (x86)\IVI Foundation\VISA\WinNT\Bin\;C:\Program Files\IVI Foundation\VISA\Win64\Bin\;C:\Program Files (x86)\National Instruments\Shared\LabVIEW CLI;C:\Program Files (x86)\IVI Foundation\VISA\WinNT\Bin;C:\Program Files (x86)\IVI Foundation\IVI\bin;C:\Program Files\IVI Foundation\IVI\bin;C:\Program Files (x86)\Microsoft SQL Server\100\Tools\Binn\;C:\Program Files (x86)\Microsoft SQL Server\100\DTS\Binn\;C:\MinGW\bin;C:\src\flutter\bin;C:\Program Files (x86)\Windows Kits\10\Windows Performance Toolkit\;C:\Program Files\Git\cmd;C:\Users\Feby Adel\AppData\Local\Android\Sdk\platform-tools;C:\Users\Feby Adel\AppData\Local\Android\Sdk\tools;C:\Users\Feby Adel\AppData\Local\Microsoft\WindowsApps;C:\Users\Feby Adel\AppData\Local\Programs\Microsoft VS Code\bin;C:\src\flutter\bin;
USERNAME=Feby Adel
OS=Windows_NT
PROCESSOR_IDENTIFIER=Intel64 Family 6 Model 142 Stepping 12, GenuineIntel
TMP=C:\Users\FEBYAD~1\AppData\Local\Temp
TEMP=C:\Users\FEBYAD~1\AppData\Local\Temp




Periodic native trim disabled

---------------  S Y S T E M  ---------------

OS:
 Windows 11 , 64 bit Build 26100 (10.0.26100.5074)
OS uptime: 0 days 13:02 hours

CPU: total 8 (initial active 8) (4 cores per cpu, 2 threads per core) family 6 model 142 stepping 12 microcode 0xde, cx8, cmov, fxsr, ht, mmx, 3dnowpref, sse, sse2, sse3, ssse3, sse4.1, sse4.2, popcnt, lzcnt, tsc, tscinvbit, avx, avx2, aes, erms, clmul, bmi1, bmi2, adx, fma, vzeroupper, clflush, clflushopt, rdtscp, f16c
Processor Information for the first 8 processors :
  Max Mhz: 2304, Current Mhz: 1803, Mhz Limit: 1797

Memory: 4k page, system-wide physical 16187M (6784M free)
TotalPageFile size 17223M (AvailPageFile size 114M)
current process WorkingSet (physical memory assigned to process): 13M, peak: 13M
current process commit charge ("private bytes"): 61M, peak: 315M

vm_info: OpenJDK 64-Bit Server VM (24.0.2+12) for windows-amd64 JRE (24.0.2+12) (Zulu24.32+13-CA), built on 2025-07-11T12:45:44Z with MS VC++ 17.1 (VS2022)

END.
